   Compiling snforge_scarb_plugin v0.48.1
warning: hiding a lifetime that's elided elsewhere is confusing
  --> src/args.rs:79:43
   |
79 |     pub fn unnamed_only<T: AttributeInfo>(&self) -> Result<UnnamedArgs, Diagnostic> {
   |                                           ^^^^^            ----------- the same lifetime is hidden here
   |                                           |
   |                                           the lifetime is elided here
   |
   = help: the same lifetime is referred to in inconsistent ways, making the signature confusing
   = note: `#[warn(mismatched_lifetime_syntaxes)]` on by default
help: use `'_` for type paths
   |
79 |     pub fn unnamed_only<T: AttributeInfo>(&self) -> Result<UnnamedArgs<'_>, Diagnostic> {
   |                                                                       ++++
warning: hiding a lifetime that's elided elsewhere is confusing
  --> src/args.rs:88:20
   |
88 |     pub fn unnamed(&self) -> UnnamedArgs {
   |                    ^^^^^     ----------- the same lifetime is hidden here
   |                    |
   |                    the lifetime is elided here
   |
   = help: the same lifetime is referred to in inconsistent ways, making the signature confusing
help: use `'_` for type paths
   |
88 |     pub fn unnamed(&self) -> UnnamedArgs<'_> {
   |                                         ++++
warning: `snforge_scarb_plugin` (lib) generated 2 warnings
    Finished `release` profile [optimized] target(s) in 0.03s
   Compiling test(vault_allocator_unittest) vault_allocator v0.1.0 (/Users/sachagraff/Documents/GitHub/starknet_vault_kit/packages/vault_allocator/Scarb.toml)
    Finished `dev` profile target(s) in 7 seconds


Collected 1 test(s) from vault_allocator package
Running 1 test(s) from src/
vault_allocator: 3258880465856233510553829905629849032717898702344145949430060583241133018680
root: 212658268691449657621986746749331260262952449122366947685227185176526965047
tree_capacity: 16
leaf_used: 13
leaf_additional_data: [ManageLeafAdditionalData { decoder_and_sanitizer: 1291450050557258653214425734797667027104808014275009832326468111778175109966, target: 2009894490435840142178314390393166646092438090257831307886760648929397478285, selector: 949021990203918389843157787496164629863144228991510976554585288817234167820, argument_addresses: [632184196056345004513825143425280990590956427993302822618957287447348818434], description: "Approve avnu_router to spend STRK", leaf_index: 0, leaf_hash: 3164408410402617224400032578549662571532750893872500165938317175959720396399 }, ManageLeafAdditionalData { decoder_and_sanitizer: 1291450050557258653214425734797667027104808014275009832326468111778175109966, target: 632184196056345004513825143425280990590956427993302822618957287447348818434, selector: 493099248799488417046068732150865584992754802357103958402415916279525943907, argument_addresses: [2009894490435840142178314390393166646092438090257831307886760648929397478285, 1806018566677800621296032626439935115720767031724401394291089442012247156652, 3258880465856233510553829905629849032717898702344145949430060583241133018680], description: "Multi route swap STRK for WBTC", leaf_index: 1, leaf_hash: 3114613607010838538117892849938711693577364266165250089638946958975706061700 }, ManageLeafAdditionalData { decoder_and_sanitizer: 1291450050557258653214425734797667027104808014275009832326468111778175109966, target: 632184196056345004513825143425280990590956427993302822618957287447348818434, selector: 493099248799488417046068732150865584992754802357103958402415916279525943907, argument_addresses: [2009894490435840142178314390393166646092438090257831307886760648929397478285, 2522838177878422711967992029571128884451814651829189911296693586560466229864, 3258880465856233510553829905629849032717898702344145949430060583241133018680], description: "Multi route swap STRK for SolvBTC", leaf_index: 2, leaf_hash: 1798338001101173151783443998923089114935259976924703499176892769401881849934 }, ManageLeafAdditionalData { decoder_and_sanitizer: 1291450050557258653214425734797667027104808014275009832326468111778175109966, target: 2522838177878422711967992029571128884451814651829189911296693586560466229864, selector: 949021990203918389843157787496164629863144228991510976554585288817234167820, argument_addresses: [632184196056345004513825143425280990590956427993302822618957287447348818434], description: "Approve avnu_router to spend SolvBTC", leaf_index: 3, leaf_hash: 182741493460629321372418089386706546890536010432763507011887207434844082770 }, ManageLeafAdditionalData { decoder_and_sanitizer: 1291450050557258653214425734797667027104808014275009832326468111778175109966, target: 632184196056345004513825143425280990590956427993302822618957287447348818434, selector: 493099248799488417046068732150865584992754802357103958402415916279525943907, argument_addresses: [2522838177878422711967992029571128884451814651829189911296693586560466229864, 1806018566677800621296032626439935115720767031724401394291089442012247156652, 3258880465856233510553829905629849032717898702344145949430060583241133018680], description: "Multi route swap SolvBTC for WBTC", leaf_index: 4, leaf_hash: 2605292298572200848180219052926124619350578512278927256491360350076978342161 }, ManageLeafAdditionalData { decoder_and_sanitizer: 1291450050557258653214425734797667027104808014275009832326468111778175109966, target: 632184196056345004513825143425280990590956427993302822618957287447348818434, selector: 493099248799488417046068732150865584992754802357103958402415916279525943907, argument_addresses: [2522838177878422711967992029571128884451814651829189911296693586560466229864, 1806018566677800621296032626439935115720767031724401394291089442012247156652, 3258880465856233510553829905629849032717898702344145949430060583241133018680], description: "Multi route swap SolvBTC for WBTC", leaf_index: 5, leaf_hash: 2605292298572200848180219052926124619350578512278927256491360350076978342161 }, ManageLeafAdditionalData { decoder_and_sanitizer: 1291450050557258653214425734797667027104808014275009832326468111778175109966, target: 3475252094465534150446669812792040965529065299943233505330779571674053440258, selector: 405852601487139132244494309743039711091605094719341446212637486410648343561, argument_addresses: [196268403159008932410419402999721616371951519129, 970889662749748738054523748069740135214383638861], description: "Initiate token withdraw WBTC", leaf_index: 6, leaf_hash: 2265942702980092815266072674939931034936886366689290283742389048756110272062 }, ManageLeafAdditionalData { decoder_and_sanitizer: 1291450050557258653214425734797667027104808014275009832326468111778175109966, target: 1806018566677800621296032626439935115720767031724401394291089442012247156652, selector: 949021990203918389843157787496164629863144228991510976554585288817234167820, argument_addresses: [2516568162210255095453483626839089014569257854319119258892841327983140950402], description: "Approve ekubo_adapter to spend WBTC", leaf_index: 7, leaf_hash: 544495096483226268221200017943815409614707587732244626391175268599110065946 }, ManageLeafAdditionalData { decoder_and_sanitizer: 1291450050557258653214425734797667027104808014275009832326468111778175109966, target: 2522838177878422711967992029571128884451814651829189911296693586560466229864, selector: 949021990203918389843157787496164629863144228991510976554585288817234167820, argument_addresses: [2516568162210255095453483626839089014569257854319119258892841327983140950402], description: "Approve ekubo_adapter to spend SolvBTC", leaf_index: 8, leaf_hash: 1114062149259863212593195361317848415283926476324427638221539960838035626860 }, ManageLeafAdditionalData { decoder_and_sanitizer: 1291450050557258653214425734797667027104808014275009832326468111778175109966, target: 2516568162210255095453483626839089014569257854319119258892841327983140950402, selector: 1485162454000453106748438092882350352049376254989977238717084794132152066047, argument_addresses: [], description: "Deposit liquidity to Ekubofor WBTC and SolvBTC via ekubo_adapter", leaf_index: 9, leaf_hash: 2806250769693476291528283195594704364946079577331271925846894282784089520240 }, ManageLeafAdditionalData { decoder_and_sanitizer: 1291450050557258653214425734797667027104808014275009832326468111778175109966, target: 2516568162210255095453483626839089014569257854319119258892841327983140950402, selector: 322637753074552370500544931377150993467524337001753746958704872129235461672, argument_addresses: [], description: "Withdraw liquidity from Ekubo for WBTC and SolvBTC via ekubo_adapter", leaf_index: 10, leaf_hash: 2461457247526497726225381752851386584506241042129252794668080772037477418255 }, ManageLeafAdditionalData { decoder_and_sanitizer: 1291450050557258653214425734797667027104808014275009832326468111778175109966, target: 2516568162210255095453483626839089014569257854319119258892841327983140950402, selector: 38427523166402100478120264784512528971576573049949957236189387122891476727, argument_addresses: [], description: "Collect fees from Ekubo for WBTC and SolvBTC via ekubo_adapter", leaf_index: 11, leaf_hash: 2399868272939267778338841054190844684504850012171049873539801608610504948729 }, ManageLeafAdditionalData { decoder_and_sanitizer: 1291450050557258653214425734797667027104808014275009832326468111778175109966, target: 2516568162210255095453483626839089014569257854319119258892841327983140950402, selector: 1154545024571392208615796453779759631244452775454593974158722847429584475265, argument_addresses: [], description: "Harvest rewards from Ekubo for WBTC and SolvBTC via ekubo_adapter", leaf_index: 12, leaf_hash: 1515569761750502248791694538737894540310335943791560078400578525689663319854 }]
tree: [[3164408410402617224400032578549662571532750893872500165938317175959720396399, 3114613607010838538117892849938711693577364266165250089638946958975706061700, 1798338001101173151783443998923089114935259976924703499176892769401881849934, 182741493460629321372418089386706546890536010432763507011887207434844082770, 2605292298572200848180219052926124619350578512278927256491360350076978342161, 2605292298572200848180219052926124619350578512278927256491360350076978342161, 2265942702980092815266072674939931034936886366689290283742389048756110272062, 544495096483226268221200017943815409614707587732244626391175268599110065946, 1114062149259863212593195361317848415283926476324427638221539960838035626860, 2806250769693476291528283195594704364946079577331271925846894282784089520240, 2461457247526497726225381752851386584506241042129252794668080772037477418255, 2399868272939267778338841054190844684504850012171049873539801608610504948729, 1515569761750502248791694538737894540310335943791560078400578525689663319854, 3205128972529973231252252659884931471622226491573146866138760422619344340691, 3205128972529973231252252659884931471622226491573146866138760422619344340691, 3205128972529973231252252659884931471622226491573146866138760422619344340691], [3452090685552635048692996451778125121475985160419859455597827895335557393222, 912031770645449830725984238031380150076062082154329492733981015904633114813, 964606937231418114862894306193543345863893723394147267983877549582533495481, 1424493249959530700965926275449285041767608322359443292215122043525151409668, 1324197623245339233654358020817254585475036716208502816949236092471743425856, 1170255905258666606362050465114777407980330211734501434897244971371153953980, 1360431631175813446061039837860717152951460849099306345727007273338972570784, 238030899799779168456945008849198713173740159230645696776744044218681768341], [3422196048702974753052904776296961222393566603126853311427715449963427029045, 84842223034372265454718938007274563580552662105280755609117358022892901506, 2168675722688725516157728341513520475949884865462575986499868210414505971807, 2445239424379843680109838283159695676601958342088350627204623225027007523675], [846115156733557394226438556794002355426827923545187732197806829238532919402, 2714032024708637856878418836631551147050070830191045375934654810077130475331], [212658268691449657621986746749331260262952449122366947685227185176526965047]]
[PASS] vault_allocator::test::creator::creator_fyWBTC::test_creator (l1_gas: ~0, l1_data_gas: ~0, l2_gas: ~313880000)
Tests: 1 passed, 0 failed, 0 ignored, 0 filtered out

Latest block number = 4099289 for url = https://rpc.starknet.lava.build/


